Fri Dec 27 03:22:06 PM PST 2024
ls: cannot access './data': No such file or directory
Fri Dec 27 03:22:06 PM PST 2024

Dynamically generated CSV file: './data/original_cols.csv'
was CREATED: Fri Dec 27 15:22:07 2024

df_cols info:
<class 'pandas.core.frame.DataFrame'>
Index: 8 entries, 0 to 7
Data columns (total 9 columns):
 #   Column   Non-Null Count  Dtype  
---  ------   --------------  -----  
 0   BYD      7 non-null      float64
 1   Ford     6 non-null      float64
 2   Hyundai  7 non-null      float64
 3   Jaguar   0 non-null      float64
 4   Mazda    7 non-null      float64
 5   Volvo    4 non-null      float64
 6   BYD      7 non-null      float64
 7   Hyundai  7 non-null      float64
 8   Mazda    7 non-null      float64
dtypes: float64(9)
memory usage: 640.0 bytes

Original_Cols:
   BYD  Ford  Hyundai  Jaguar  Mazda  Volvo
0  9.0   3.0      2.0     NaN   12.0    1.0
1  9.0   3.0      2.0     NaN   12.0    1.0
2  NaN   NaN      NaN     NaN    NaN    NaN
3  4.0   NaN      6.0     NaN    0.0    NaN
4  1.0   1.0      3.0     NaN    0.0    NaN
5  0.0   6.0      0.0     NaN    0.0    NaN
6  1.0  12.0      7.0     NaN    4.0   11.0
7  1.0  12.0      7.0     NaN    4.0   11.0

Original and added Duplicate Cols:
   BYD  Ford  Hyundai  Jaguar  Mazda  Volvo  BYD  Hyundai  Mazda
0  9.0   3.0      2.0     NaN   12.0    1.0  9.0      2.0   12.0
1  9.0   3.0      2.0     NaN   12.0    1.0  9.0      2.0   12.0
2  NaN   NaN      NaN     NaN    NaN    NaN  NaN      NaN    NaN
3  4.0   NaN      6.0     NaN    0.0    NaN  4.0      6.0    0.0
4  1.0   1.0      3.0     NaN    0.0    NaN  1.0      3.0    0.0
5  0.0   6.0      0.0     NaN    0.0    NaN  0.0      0.0    0.0
6  1.0  12.0      7.0     NaN    4.0   11.0  1.0      7.0    4.0
7  1.0  12.0      7.0     NaN    4.0   11.0  1.0      7.0    4.0

Dynamically generated CSV file: './data/duplicated_cols.csv'
was CREATED: Fri Dec 27 15:22:07 2024

Duplicate Cols boolean list:
[False False False False False False  True  True  True]

Unique Cols:
   BYD  Ford  Hyundai  Jaguar  Mazda  Volvo
0  9.0   3.0      2.0     NaN   12.0    1.0
1  9.0   3.0      2.0     NaN   12.0    1.0
2  NaN   NaN      NaN     NaN    NaN    NaN
3  4.0   NaN      6.0     NaN    0.0    NaN
4  1.0   1.0      3.0     NaN    0.0    NaN
5  0.0   6.0      0.0     NaN    0.0    NaN
6  1.0  12.0      7.0     NaN    4.0   11.0
7  1.0  12.0      7.0     NaN    4.0   11.0

Dynamically generated CSV file: './data/unique_cols.csv'
was CREATED: Fri Dec 27 15:22:07 2024

2024-12-27 15:22:07 PST -0800
total 12
-r--r--r--. 1 fish fish 200 Dec 27 15:22 original_cols.csv
-r--r--r--. 1 fish fish 307 Dec 27 15:22 duplicated_cols.csv
-r--r--r--. 1 fish fish 200 Dec 27 15:22 unique_cols.csv
