Fri Dec 27 03:24:00 PM PST 2024
ls: cannot access './data': No such file or directory
Fri Dec 27 03:24:00 PM PST 2024

Dynamically generated CSV file: './data/original_cols.csv'
was CREATED: Fri Dec 27 15:24:01 2024

df_cols info:
<class 'pandas.core.frame.DataFrame'>
Index: 8 entries, 0 to 7
Data columns (total 6 columns):
 #   Column   Non-Null Count  Dtype  
---  ------   --------------  -----  
 0   BYD      7 non-null      float64
 1   Ford     6 non-null      float64
 2   Hyundai  7 non-null      float64
 3   Jaguar   0 non-null      float64
 4   Mazda    7 non-null      float64
 5   Volvo    4 non-null      float64
dtypes: float64(6)
memory usage: 448.0 bytes

Original_Cols:
   BYD  Ford  Hyundai  Jaguar  Mazda  Volvo
0  9.0   3.0      2.0     NaN   12.0    1.0
1  9.0   3.0      2.0     NaN   12.0    1.0
2  NaN   NaN      NaN     NaN    NaN    NaN
3  4.0   NaN      6.0     NaN    0.0    NaN
4  1.0   1.0      3.0     NaN    0.0    NaN
5  0.0   6.0      0.0     NaN    0.0    NaN
6  1.0  12.0      7.0     NaN    4.0   11.0
7  1.0  12.0      7.0     NaN    4.0   11.0

Columns not containing only Nan:
   BYD  Ford  Hyundai  Mazda  Volvo
0  9.0   3.0      2.0   12.0    1.0
1  9.0   3.0      2.0   12.0    1.0
2  NaN   NaN      NaN    NaN    NaN
3  4.0   NaN      6.0    0.0    NaN
4  1.0   1.0      3.0    0.0    NaN
5  0.0   6.0      0.0    0.0    NaN
6  1.0  12.0      7.0    4.0   11.0
7  1.0  12.0      7.0    4.0   11.0

Dynamically generated CSV file: './data/No_Nan_only_cols.csv'
was CREATED: Fri Dec 27 15:24:01 2024

Nans in numeric columns were replaced with the column mean:
    BYD   Ford  Hyundai  Mazda  Volvo
0  9.00   3.00     2.00  12.00    1.0
1  9.00   3.00     2.00  12.00    1.0
2  3.57   6.17     3.86   4.57    6.0
3  4.00   6.17     6.00   0.00    6.0
4  1.00   1.00     3.00   0.00    6.0
5  0.00   6.00     0.00   0.00    6.0
6  1.00  12.00     7.00   4.00   11.0
7  1.00  12.00     7.00   4.00   11.0

Dynamically generated CSV file: './data/Nans_2_Col_mean.csv'
was CREATED: Fri Dec 27 15:24:01 2024

2024-12-27 15:24:01 PST -0800
total 12
-r--r--r--. 1 fish fish 200 Dec 27 15:24 original_cols.csv
-r--r--r--. 1 fish fish 185 Dec 27 15:24 No_Nan_only_cols.csv
-r--r--r--. 1 fish fish 283 Dec 27 15:24 Nans_2_Col_mean.csv
