Fri Dec 27 03:23:10 PM PST 2024
ls: cannot access './data': No such file or directory
Fri Dec 27 03:23:10 PM PST 2024

Dynamically generated CSV file: './data/original_rows.csv'
was CREATED: Fri Dec 27 15:23:11 2024

df_rows info:
<class 'pandas.core.frame.DataFrame'>
Index: 11 entries, 0 to 10
Data columns (total 6 columns):
 #   Column   Non-Null Count  Dtype  
---  ------   --------------  -----  
 0   BYD      10 non-null     float64
 1   Ford     9 non-null      float64
 2   Hyundai  10 non-null     float64
 3   Jaguar   0 non-null      float64
 4   Mazda    10 non-null     float64
 5   Volvo    6 non-null      float64
dtypes: float64(6)
memory usage: 616.0 bytes

Original Rows:
   BYD  Ford  Hyundai  Jaguar  Mazda  Volvo
0  9.0   3.0      2.0     NaN   12.0    1.0
1  9.0   2.0      3.0     NaN   12.0    1.0
2  NaN   NaN      NaN     NaN    NaN    NaN
3  4.0   NaN      6.0     NaN    0.0    NaN
4  1.0   1.0      3.0     NaN    0.0    NaN
5  0.0   6.0      0.0     NaN    0.0    NaN
6  1.0  11.0      7.0     NaN    4.0   12.0
7  1.0  12.0      7.0     NaN    4.0   11.0

Original and added Duplicate Rows:
    BYD  Ford  Hyundai  Jaguar  Mazda  Volvo
0   9.0   3.0      2.0     NaN   12.0    1.0
1   9.0   2.0      3.0     NaN   12.0    1.0
2   NaN   NaN      NaN     NaN    NaN    NaN
3   4.0   NaN      6.0     NaN    0.0    NaN
4   1.0   1.0      3.0     NaN    0.0    NaN
5   0.0   6.0      0.0     NaN    0.0    NaN
6   1.0  11.0      7.0     NaN    4.0   12.0
7   1.0  12.0      7.0     NaN    4.0   11.0
8   9.0   3.0      2.0     NaN   12.0    1.0
9   9.0   2.0      3.0     NaN   12.0    1.0
10  0.0   6.0      0.0     NaN    0.0    NaN

Dynamically generated CSV file: './data/duplicated_rows.csv'
was CREATED: Fri Dec 27 15:23:11 2024

Duplicate Rows boolean list:
0     False
1     False
2     False
3     False
4     False
5     False
6     False
7     False
8      True
9      True
10     True
dtype: bool

Unique Rows:
   BYD  Ford  Hyundai  Jaguar  Mazda  Volvo
0  9.0   3.0      2.0     NaN   12.0    1.0
1  9.0   2.0      3.0     NaN   12.0    1.0
2  NaN   NaN      NaN     NaN    NaN    NaN
3  4.0   NaN      6.0     NaN    0.0    NaN
4  1.0   1.0      3.0     NaN    0.0    NaN
5  0.0   6.0      0.0     NaN    0.0    NaN
6  1.0  11.0      7.0     NaN    4.0   12.0
7  1.0  12.0      7.0     NaN    4.0   11.0

Dynamically generated CSV file: './data/unique_rows.csv'
was CREATED: Fri Dec 27 15:23:11 2024

2024-12-27 15:23:11 PST -0800
total 12
-r--r--r--. 1 fish fish 200 Dec 27 15:23 original_rows.csv
-r--r--r--. 1 fish fish 269 Dec 27 15:23 duplicated_rows.csv
-r--r--r--. 1 fish fish 200 Dec 27 15:23 unique_rows.csv
